<?xml version="1.0" encoding="UTF-8"?>
<testsuite xmlns:xsi="http://www.w3.org/2001/XMLSchema-instance" xsi:noNamespaceSchemaLocation="https://maven.apache.org/surefire/maven-surefire-plugin/xsd/surefire-test-report-3.0.xsd" version="3.0" name="com.example.inventory.InventoryApplicationTests" time="4.518" tests="6" errors="0" skipped="0" failures="0">
  <properties>
[...]
</properties>
  <testcase name="getInventory" classname="com.example.inventory.InventoryApplicationTests" time="0.02">
    <system-out><![CDATA[00:21:05.925 [main] DEBUG org.springframework.test.context.BootstrapUtils - Instantiating CacheAwareContextLoaderDelegate from class [org.springframework.test.context.cache.DefaultCacheAwareContextLoaderDelegate]
00:21:05.929 [main] DEBUG org.springframework.test.context.BootstrapUtils - Instantiating BootstrapContext using constructor [public org.springframework.test.context.support.DefaultBootstrapContext(java.lang.Class,org.springframework.test.context.CacheAwareContextLoaderDelegate)]
00:21:05.945 [main] DEBUG org.springframework.test.context.BootstrapUtils - Instantiating TestContextBootstrapper for test class [com.example.inventory.InventoryApplicationTests] from class [org.springframework.boot.test.context.SpringBootTestContextBootstrapper]
00:21:05.950 [main] INFO org.springframework.boot.test.context.SpringBootTestContextBootstrapper - Neither @ContextConfiguration nor @ContextHierarchy found for test class [com.example.inventory.InventoryApplicationTests], using SpringBootContextLoader
00:21:05.952 [main] DEBUG org.springframework.test.context.support.AbstractContextLoader - Did not detect default resource location for test class [com.example.inventory.InventoryApplicationTests]: class path resource [com/example/inventory/InventoryApplicationTests-context.xml] does not exist
00:21:05.952 [main] DEBUG org.springframework.test.context.support.AbstractContextLoader - Did not detect default resource location for test class [com.example.inventory.InventoryApplicationTests]: class path resource [com/example/inventory/InventoryApplicationTestsContext.groovy] does not exist
00:21:05.952 [main] INFO org.springframework.test.context.support.AbstractContextLoader - Could not detect default resource locations for test class [com.example.inventory.InventoryApplicationTests]: no resource found for suffixes {-context.xml, Context.groovy}.
00:21:05.952 [main] INFO org.springframework.test.context.support.AnnotationConfigContextLoaderUtils - Could not detect default configuration classes for test class [com.example.inventory.InventoryApplicationTests]: InventoryApplicationTests does not declare any static, non-private, non-final, nested classes annotated with @Configuration.
00:21:05.977 [main] DEBUG org.springframework.test.context.support.ActiveProfilesUtils - Could not find an 'annotation declaring class' for annotation type [org.springframework.test.context.ActiveProfiles] and class [com.example.inventory.InventoryApplicationTests]
00:21:06.004 [main] DEBUG org.springframework.context.annotation.ClassPathScanningCandidateComponentProvider - Identified candidate component class: file [/Users/hemanthsukumar/Documents/AdvSE/Team7_project/IMP/IMS_backend/target/classes/com/example/inventory/InventoryApplication.class]
00:21:06.005 [main] INFO org.springframework.boot.test.context.SpringBootTestContextBootstrapper - Found @SpringBootConfiguration com.example.inventory.InventoryApplication for test class com.example.inventory.InventoryApplicationTests
00:21:06.036 [main] DEBUG org.springframework.boot.test.context.SpringBootTestContextBootstrapper - @TestExecutionListeners is not present for class [com.example.inventory.InventoryApplicationTests]: using defaults.
00:21:06.036 [main] INFO org.springframework.boot.test.context.SpringBootTestContextBootstrapper - Loaded default TestExecutionListener class names from location [META-INF/spring.factories]: [org.springframework.boot.test.mock.mockito.MockitoTestExecutionListener, org.springframework.boot.test.mock.mockito.ResetMocksTestExecutionListener, org.springframework.boot.test.autoconfigure.restdocs.RestDocsTestExecutionListener, org.springframework.boot.test.autoconfigure.web.client.MockRestServiceServerResetTestExecutionListener, org.springframework.boot.test.autoconfigure.web.servlet.MockMvcPrintOnlyOnFailureTestExecutionListener, org.springframework.boot.test.autoconfigure.web.servlet.WebDriverTestExecutionListener, org.springframework.boot.test.autoconfigure.webservices.client.MockWebServiceServerTestExecutionListener, org.springframework.test.context.web.ServletTestExecutionListener, org.springframework.test.context.support.DirtiesContextBeforeModesTestExecutionListener, org.springframework.test.context.event.ApplicationEventsTestExecutionListener, org.springframework.test.context.support.DependencyInjectionTestExecutionListener, org.springframework.test.context.support.DirtiesContextTestExecutionListener, org.springframework.test.context.transaction.TransactionalTestExecutionListener, org.springframework.test.context.jdbc.SqlScriptsTestExecutionListener, org.springframework.test.context.event.EventPublishingTestExecutionListener]
00:21:06.045 [main] INFO org.springframework.boot.test.context.SpringBootTestContextBootstrapper - Using TestExecutionListeners: [org.springframework.test.context.web.ServletTestExecutionListener@1046d517, org.springframework.test.context.support.DirtiesContextBeforeModesTestExecutionListener@3b7d3a38, org.springframework.test.context.event.ApplicationEventsTestExecutionListener@416c58f5, org.springframework.boot.test.mock.mockito.MockitoTestExecutionListener@5505ae1a, org.springframework.boot.test.autoconfigure.SpringBootDependencyInjectionTestExecutionListener@73cd37c0, org.springframework.test.context.support.DirtiesContextTestExecutionListener@21337f7b, org.springframework.test.context.transaction.TransactionalTestExecutionListener@2bb3058, org.springframework.test.context.jdbc.SqlScriptsTestExecutionListener@7a362b6b, org.springframework.test.context.event.EventPublishingTestExecutionListener@60df60da, org.springframework.boot.test.mock.mockito.ResetMocksTestExecutionListener@5a2d131d, org.springframework.boot.test.autoconfigure.restdocs.RestDocsTestExecutionListener@14fc1f0, org.springframework.boot.test.autoconfigure.web.client.MockRestServiceServerResetTestExecutionListener@4ae9cfc1, org.springframework.boot.test.autoconfigure.web.servlet.MockMvcPrintOnlyOnFailureTestExecutionListener@512baff6, org.springframework.boot.test.autoconfigure.web.servlet.WebDriverTestExecutionListener@632ceb35, org.springframework.boot.test.autoconfigure.webservices.client.MockWebServiceServerTestExecutionListener@1c93f6e1]
00:21:06.047 [main] DEBUG org.springframework.test.context.support.AbstractDirtiesContextTestExecutionListener - Before test class: context [DefaultTestContext@3b96c42e testClass = InventoryApplicationTests, testInstance = [null], testMethod = [null], testException = [null], mergedContextConfiguration = [WebMergedContextConfiguration@5d066c7d testClass = InventoryApplicationTests, locations = '{}', classes = '{class com.example.inventory.InventoryApplication}', contextInitializerClasses = '[]', activeProfiles = '{}', propertySourceLocations = '{}', propertySourceProperties = '{org.springframework.boot.test.context.SpringBootTestContextBootstrapper=true}', contextCustomizers = set[org.springframework.boot.test.context.filter.ExcludeFilterContextCustomizer@48f278eb, org.springframework.boot.test.json.DuplicateJsonObjectContextCustomizerFactory$DuplicateJsonObjectContextCustomizer@7e7be63f, org.springframework.boot.test.mock.mockito.MockitoContextCustomizer@bf6332d7, org.springframework.boot.test.web.client.TestRestTemplateContextCustomizer@3e11f9e9, org.springframework.boot.test.autoconfigure.actuate.metrics.MetricsExportContextCustomizerFactory$DisableMetricExportContextCustomizer@36916eb0, org.springframework.boot.test.autoconfigure.properties.PropertyMappingContextCustomizer@0, org.springframework.boot.test.autoconfigure.web.servlet.WebDriverContextCustomizerFactory$Customizer@4efac082, org.springframework.boot.test.context.SpringBootTestArgs@1, org.springframework.boot.test.context.SpringBootTestWebEnvironment@2a556333], resourceBasePath = 'src/main/webapp', contextLoader = 'org.springframework.boot.test.context.SpringBootContextLoader', parent = [null]], attributes = map['org.springframework.test.context.web.ServletTestExecutionListener.activateListener' -> true]], class annotated with @DirtiesContext [false] with mode [null].

  .   ____          _            __ _ _
 /\\ / ___'_ __ _ _(_)_ __  __ _ \ \ \ \
( ( )\___ | '_ | '_| | '_ \/ _` | \ \ \ \
 \\/  ___)| |_)| | | | | || (_| |  ) ) ) )
  '  |____| .__|_| |_|_| |_\__, | / / / /
 =========|_|==============|___/=/_/_/_/
 :: Spring Boot ::                (v2.7.5)

2024-04-21 00:21:06.183  INFO 3079 --- [           main] c.e.inventory.InventoryApplicationTests  : Starting InventoryApplicationTests using Java 21.0.1 on Hemanths-Air.lan with PID 3079 (started by hemanthsukumar in /Users/hemanthsukumar/Documents/AdvSE/Team7_project/IMP/IMS_backend)
2024-04-21 00:21:06.183  INFO 3079 --- [           main] c.e.inventory.InventoryApplicationTests  : No active profile set, falling back to 1 default profile: "default"
2024-04-21 00:21:06.197 DEBUG 3079 --- [           main] o.s.w.c.s.GenericWebApplicationContext   : Refreshing org.springframework.web.context.support.GenericWebApplicationContext@4fcee388
2024-04-21 00:21:06.435  INFO 3079 --- [           main] .s.d.r.c.RepositoryConfigurationDelegate : Bootstrapping Spring Data JPA repositories in DEFAULT mode.
2024-04-21 00:21:06.457  INFO 3079 --- [           main] .s.d.r.c.RepositoryConfigurationDelegate : Finished Spring Data repository scanning in 19 ms. Found 5 JPA repository interfaces.
2024-04-21 00:21:06.890  INFO 3079 --- [           main] com.zaxxer.hikari.HikariDataSource       : HikariPool-1 - Starting...
2024-04-21 00:21:07.026  INFO 3079 --- [           main] com.zaxxer.hikari.HikariDataSource       : HikariPool-1 - Start completed.
2024-04-21 00:21:07.104  INFO 3079 --- [           main] o.hibernate.jpa.internal.util.LogHelper  : HHH000204: Processing PersistenceUnitInfo [name: default]
2024-04-21 00:21:07.130  INFO 3079 --- [           main] org.hibernate.Version                    : HHH000412: Hibernate ORM core version 5.6.12.Final
2024-04-21 00:21:07.146  INFO 3079 --- [           main] o.hibernate.annotations.common.Version   : HCANN000001: Hibernate Commons Annotations {5.1.2.Final}
2024-04-21 00:21:07.187  INFO 3079 --- [           main] org.hibernate.dialect.Dialect            : HHH000400: Using dialect: org.hibernate.dialect.H2Dialect
2024-04-21 00:21:07.372  INFO 3079 --- [           main] o.h.e.t.j.p.i.JtaPlatformInitiator       : HHH000490: Using JtaPlatform implementation: [org.hibernate.engine.transaction.jta.platform.internal.NoJtaPlatform]
2024-04-21 00:21:07.376  INFO 3079 --- [           main] j.LocalContainerEntityManagerFactoryBean : Initialized JPA EntityManagerFactory for persistence unit 'default'
2024-04-21 00:21:07.492  WARN 3079 --- [           main] JpaBaseConfiguration$JpaWebConfiguration : spring.jpa.open-in-view is enabled by default. Therefore, database queries may be performed during view rendering. Explicitly configure spring.jpa.open-in-view to disable this warning
2024-04-21 00:21:07.596 DEBUG 3079 --- [           main] s.w.s.m.m.a.RequestMappingHandlerAdapter : ControllerAdvice beans: 0 @ModelAttribute, 0 @InitBinder, 1 RequestBodyAdvice, 1 ResponseBodyAdvice
2024-04-21 00:21:07.638 DEBUG 3079 --- [           main] s.w.s.m.m.a.RequestMappingHandlerMapping : 14 mappings in 'requestMappingHandlerMapping'
2024-04-21 00:21:07.657 DEBUG 3079 --- [           main] o.s.w.s.handler.SimpleUrlHandlerMapping  : Patterns [/webjars/**, /**] in 'resourceHandlerMapping'
2024-04-21 00:21:07.663 DEBUG 3079 --- [           main] .m.m.a.ExceptionHandlerExceptionResolver : ControllerAdvice beans: 0 @ExceptionHandler, 1 ResponseBodyAdvice
2024-04-21 00:21:07.736  INFO 3079 --- [           main] c.e.inventory.InventoryApplicationTests  : Started InventoryApplicationTests in 1.673 seconds (JVM running for 2.146)
]]></system-out>
  </testcase>
  <testcase name="registration" classname="com.example.inventory.InventoryApplicationTests" time="1.359">
    <system-out><![CDATA[true
]]></system-out>
  </testcase>
  <testcase name="editInventory" classname="com.example.inventory.InventoryApplicationTests" time="0.004"/>
  <testcase name="authentication" classname="com.example.inventory.InventoryApplicationTests" time="0.004"/>
  <testcase name="getInventorys" classname="com.example.inventory.InventoryApplicationTests" time="0.003"/>
  <testcase name="acceptOrders" classname="com.example.inventory.InventoryApplicationTests" time="1.228"/>
</testsuite>