<?xml version="1.0" encoding="UTF-8"?>
<!-- Generated by org.testng.reporters.JUnitXMLReporter -->
<testsuite ignored="0" hostname="Hemanths-MacBook-Air.local" failures="0" tests="16" name="Test" time="43.079" errors="0" timestamp="2023-11-20T12:10:28 GMT-06:00">
  <testcase classname="Testscriptes.TC_Login" name="validUserNameAndPassword" time="2.251"/>
  <testcase classname="Testscriptes.TC_Login" name="invalidUserNameAndPassword" time="2.199"/>
  <testcase classname="Testscriptes.TC_Login" name="validUserNameAndInvalidPassword" time="2.186"/>
  <testcase classname="Testscriptes.TC_Login" name="invalidUserNameAndValidPassword" time="2.166"/>
  <testcase classname="Testscriptes.TC_User" name="validLocationId" time="3.263"/>
  <testcase classname="Testscriptes.TC_User" name="invalidLocationId" time="1.126"/>
  <testcase classname="Testscriptes.TC_User" name="invalidLocationIdAndInvalidMaterialID" time="1.146"/>
  <testcase classname="Testscriptes.TC_User" name="validLocationIdAndMaterialId" time="1.173"/>
  <testcase classname="Testscriptes.TC_User" name="order" time="6.829"/>
  <testcase classname="Testscriptes.TC_User" name="cancel" time="6.11"/>
  <testcase classname="Testscriptes.TC_Admin" name="validLocationId" time="3.27"/>
  <testcase classname="Testscriptes.TC_Admin" name="invalidLocationId" time="1.123"/>
  <testcase classname="Testscriptes.TC_Admin" name="invalidLocationIdAndInvalidMaterialID" time="1.138"/>
  <testcase classname="Testscriptes.TC_Admin" name="validLocationIdAndMaterialId" time="1.143"/>
  <testcase classname="Testscriptes.TC_Admin" name="update" time="1.229"/>
  <testcase classname="Testscriptes.TC_Admin" name="addItems" time="1.817"/>
</testsuite> <!-- Test -->
