<?xml version="1.0" encoding="UTF-8"?>
<!-- Generated by org.testng.reporters.JUnitXMLReporter -->
<testsuite ignored="0" hostname="LTIN190046" failures="0" tests="16" name="Test" time="70.945" errors="0" timestamp="2023-10-28T14:12:00 IST">
  <testcase classname="Testscriptes.TC_Login" name="validUserNameAndPassword" time="2.97"/>
  <testcase classname="Testscriptes.TC_Login" name="invalidUserNameAndPassword" time="2.663"/>
  <testcase classname="Testscriptes.TC_Login" name="validUserNameAndInvalidPassword" time="2.902"/>
  <testcase classname="Testscriptes.TC_Login" name="invalidUserNameAndValidPassword" time="2.688"/>
  <testcase classname="Testscriptes.TC_User" name="validLocationId" time="4.724"/>
  <testcase classname="Testscriptes.TC_User" name="invalidLocationId" time="1.96"/>
  <testcase classname="Testscriptes.TC_User" name="invalidLocationIdAndInvalidMaterialID" time="1.508"/>
  <testcase classname="Testscriptes.TC_User" name="validLocationIdAndMaterialId" time="1.516"/>
  <testcase classname="Testscriptes.TC_User" name="order" time="7.221"/>
  <testcase classname="Testscriptes.TC_User" name="cancel" time="6.203"/>
  <testcase classname="Testscriptes.TC_Admin" name="validLocationId" time="3.886"/>
  <testcase classname="Testscriptes.TC_Admin" name="invalidLocationId" time="1.607"/>
  <testcase classname="Testscriptes.TC_Admin" name="invalidLocationIdAndInvalidMaterialID" time="1.441"/>
  <testcase classname="Testscriptes.TC_Admin" name="validLocationIdAndMaterialId" time="1.384"/>
  <testcase classname="Testscriptes.TC_Admin" name="update" time="1.592"/>
  <testcase classname="Testscriptes.TC_Admin" name="addItems" time="2.359"/>
</testsuite> <!-- Test -->
